Android/PostGreDemoApp/app/build/outputs/logs/manifest-merger-debug-report.txt
-- Merging decision tree log ---
manifest
ADDED from src/main/AndroidManifest.xml:2:1-20:12
	package
		ADDED from src/main/AndroidManifest.xml:3:2-30
		INJECTED from src/main/AndroidManifest.xml
		INJECTED from src/main/AndroidManifest.xml
	android:versionName
		ADDED from src/main/AndroidManifest.xml:4:33-58
		INJECTED from src/main/AndroidManifest.xml
		INJECTED from src/main/AndroidManifest.xml
	android:versionCode
		ADDED from src/main/AndroidManifest.xml:3:31-54
		INJECTED from src/main/AndroidManifest.xml
		INJECTED from src/main/AndroidManifest.xml
	xmlns:android
		ADDED from src/main/AndroidManifest.xml:2:11-69
	android:installLocation
		ADDED from src/main/AndroidManifest.xml:4:2-32
application
ADDED from src/main/AndroidManifest.xml:5:2-18:16
	android:label
		ADDED from src/main/AndroidManifest.xml:5:45-77
	android:icon
		ADDED from src/main/AndroidManifest.xml:5:15-44
activity#org.postgresql.top.PGTop
ADDED from src/main/AndroidManifest.xml:6:3-11:14
	android:label
		ADDED from src/main/AndroidManifest.xml:6:35-67
	android:name
		ADDED from src/main/AndroidManifest.xml:6:13-34
intent-filter#android.intent.action.MAIN+android.intent.category.LAUNCHER
ADDED from src/main/AndroidManifest.xml:7:4-10:20
action#android.intent.action.MAIN
ADDED from src/main/AndroidManifest.xml:8:5-57
	android:name
		ADDED from src/main/AndroidManifest.xml:8:13-54
category#android.intent.category.LAUNCHER
ADDED from src/main/AndroidManifest.xml:9:5-65
	android:name
		ADDED from src/main/AndroidManifest.xml:9:15-62
activity#org.postgresql.top.PGAddDatabase
ADDED from src/main/AndroidManifest.xml:12:3-54
	android:name
		ADDED from src/main/AndroidManifest.xml:12:13-42
activity#org.postgresql.top.PGRemoveDatabase
ADDED from src/main/AndroidManifest.xml:13:3-57
	android:name
		ADDED from src/main/AndroidManifest.xml:13:13-45
activity#org.postgresql.top.PGSettings
ADDED from src/main/AndroidManifest.xml:14:3-51
	android:name
		ADDED from src/main/AndroidManifest.xml:14:13-39
activity#org.postgresql.top.PGStatActivity
ADDED from src/main/AndroidManifest.xml:15:3-55
	android:name
		ADDED from src/main/AndroidManifest.xml:15:13-43
activity#org.postgresql.top.PGStatBgwriter
ADDED from src/main/AndroidManifest.xml:16:3-55
	android:name
		ADDED from src/main/AndroidManifest.xml:16:13-43
activity#org.postgresql.top.PGStatDatabase
ADDED from src/main/AndroidManifest.xml:17:3-55
	android:name
		ADDED from src/main/AndroidManifest.xml:17:13-43
uses-permission#android.permission.INTERNET
ADDED from src/main/AndroidManifest.xml:19:2-80
	android:name
		ADDED from src/main/AndroidManifest.xml:19:19-61